This is pdfTeX, Version 3.14159265-2.6-1.40.16 (TeX Live 2015/Debian) (preloaded format=pdflatex 2017.4.15)  9 MAY 2017 23:35
entering extended mode
 restricted \write18 enabled.
 %&-line parsing enabled.
**report2.tex
(./report2.tex
LaTeX2e <2016/02/01>
Babel <3.9q> and hyphenation patterns for 3 language(s) loaded.
(/usr/share/texlive/texmf-dist/tex/latex/base/article.cls
Document Class: article 2014/09/29 v1.4h Standard LaTeX document class
(/usr/share/texlive/texmf-dist/tex/latex/base/size12.clo
File: size12.clo 2014/09/29 v1.4h Standard LaTeX file (size option)
)
\c@part=\count79
\c@section=\count80
\c@subsection=\count81
\c@subsubsection=\count82
\c@paragraph=\count83
\c@subparagraph=\count84
\c@figure=\count85
\c@table=\count86
\abovecaptionskip=\skip41
\belowcaptionskip=\skip42
\bibindent=\dimen102
)
(/usr/share/texlive/texmf-dist/tex/generic/babel/babel.sty
Package: babel 2016/02/24 3.9q The Babel package

(/usr/share/texlive/texmf-dist/tex/generic/babel-english/english.ldf
Language: english 2012/08/20 v3.3p English support from the babel system

(/usr/share/texlive/texmf-dist/tex/generic/babel/babel.def
File: babel.def 2016/02/24 3.9q Babel common definitions
\babel@savecnt=\count87
\U@D=\dimen103
)
\l@british = a dialect from \language\l@english 
\l@UKenglish = a dialect from \language\l@english 
\l@canadian = a dialect from \language\l@american 
\l@australian = a dialect from \language\l@british 
\l@newzealand = a dialect from \language\l@british 
))
(/usr/share/texlive/texmf-dist/tex/latex/graphics/graphicx.sty
Package: graphicx 2014/10/28 v1.0g Enhanced LaTeX Graphics (DPC,SPQR)

(/usr/share/texlive/texmf-dist/tex/latex/graphics/keyval.sty
Package: keyval 2014/10/28 v1.15 key=value parser (DPC)
\KV@toks@=\toks14
)
(/usr/share/texlive/texmf-dist/tex/latex/graphics/graphics.sty
Package: graphics 2016/01/03 v1.0q Standard LaTeX Graphics (DPC,SPQR)

(/usr/share/texlive/texmf-dist/tex/latex/graphics/trig.sty
Package: trig 2016/01/03 v1.10 sin cos tan (DPC)
)
(/usr/share/texlive/texmf-dist/tex/latex/latexconfig/graphics.cfg
File: graphics.cfg 2010/04/23 v1.9 graphics configuration of TeX Live
)
Package graphics Info: Driver file: pdftex.def on input line 95.

(/usr/share/texlive/texmf-dist/tex/latex/pdftex-def/pdftex.def
File: pdftex.def 2011/05/27 v0.06d Graphics/color for pdfTeX

(/usr/share/texlive/texmf-dist/tex/generic/oberdiek/infwarerr.sty
Package: infwarerr 2010/04/08 v1.3 Providing info/warning/error messages (HO)
)
(/usr/share/texlive/texmf-dist/tex/generic/oberdiek/ltxcmds.sty
Package: ltxcmds 2011/11/09 v1.22 LaTeX kernel commands for general use (HO)
)
\Gread@gobject=\count88
))
\Gin@req@height=\dimen104
\Gin@req@width=\dimen105
)
(/usr/share/texlive/texmf-dist/tex/latex/ms/ragged2e.sty
Package: ragged2e 2009/05/21 v2.1 ragged2e Package (MS)

(/usr/share/texlive/texmf-dist/tex/latex/ms/everysel.sty
Package: everysel 2011/10/28 v1.2 EverySelectfont Package (MS)
)
\CenteringLeftskip=\skip43
\RaggedLeftLeftskip=\skip44
\RaggedRightLeftskip=\skip45
\CenteringRightskip=\skip46
\RaggedLeftRightskip=\skip47
\RaggedRightRightskip=\skip48
\CenteringParfillskip=\skip49
\RaggedLeftParfillskip=\skip50
\RaggedRightParfillskip=\skip51
\JustifyingParfillskip=\skip52
\CenteringParindent=\skip53
\RaggedLeftParindent=\skip54
\RaggedRightParindent=\skip55
\JustifyingParindent=\skip56
)
(/usr/share/texlive/texmf-dist/tex/latex/geometry/geometry.sty
Package: geometry 2010/09/12 v5.6 Page Geometry

(/usr/share/texlive/texmf-dist/tex/generic/oberdiek/ifpdf.sty
Package: ifpdf 2011/01/30 v2.3 Provides the ifpdf switch (HO)
Package ifpdf Info: pdfTeX in PDF mode is detected.
)
(/usr/share/texlive/texmf-dist/tex/generic/oberdiek/ifvtex.sty
Package: ifvtex 2010/03/01 v1.5 Detect VTeX and its facilities (HO)
Package ifvtex Info: VTeX not detected.
)
(/usr/share/texlive/texmf-dist/tex/generic/ifxetex/ifxetex.sty
Package: ifxetex 2010/09/12 v0.6 Provides ifxetex conditional
)
\Gm@cnth=\count89
\Gm@cntv=\count90
\c@Gm@tempcnt=\count91
\Gm@bindingoffset=\dimen106
\Gm@wd@mp=\dimen107
\Gm@odd@mp=\dimen108
\Gm@even@mp=\dimen109
\Gm@layoutwidth=\dimen110
\Gm@layoutheight=\dimen111
\Gm@layouthoffset=\dimen112
\Gm@layoutvoffset=\dimen113
\Gm@dimlist=\toks15
)
(/usr/share/texlive/texmf-dist/tex/latex/listings/listings.sty
\lst@mode=\count92
\lst@gtempboxa=\box26
\lst@token=\toks16
\lst@length=\count93
\lst@currlwidth=\dimen114
\lst@column=\count94
\lst@pos=\count95
\lst@lostspace=\dimen115
\lst@width=\dimen116
\lst@newlines=\count96
\lst@lineno=\count97
\lst@maxwidth=\dimen117

(/usr/share/texlive/texmf-dist/tex/latex/listings/lstmisc.sty
File: lstmisc.sty 2015/06/04 1.6 (Carsten Heinz)
\c@lstnumber=\count98
\lst@skipnumbers=\count99
\lst@framebox=\box27
)
(/usr/share/texlive/texmf-dist/tex/latex/listings/listings.cfg
File: listings.cfg 2015/06/04 1.6 listings configuration
))
Package: listings 2015/06/04 1.6 (Carsten Heinz)

(/usr/share/texlive/texmf-dist/tex/latex/graphics/color.sty
Package: color 2016/01/03 v1.1b Standard LaTeX Color (DPC)

(/usr/share/texlive/texmf-dist/tex/latex/latexconfig/color.cfg
File: color.cfg 2007/01/18 v1.5 color configuration of teTeX/TeXLive
)
Package color Info: Driver file: pdftex.def on input line 143.
)
(/usr/share/texlive/texmf-dist/tex/latex/listings/lstlang1.sty
File: lstlang1.sty 2015/06/04 1.6 listings language file
) (./report2.aux

LaTeX Warning: Label `lst:code_direct' multiply defined.


LaTeX Warning: Label `lst:code_direct' multiply defined.


LaTeX Warning: Label `lst:code_direct' multiply defined.


LaTeX Warning: Label `lst:code_direct' multiply defined.


LaTeX Warning: Label `lst:code_direct' multiply defined.


LaTeX Warning: Label `lst:code_direct' multiply defined.


LaTeX Warning: Label `lst:code_direct' multiply defined.


LaTeX Warning: Label `lst:code_direct' multiply defined.


LaTeX Warning: Label `lst:code_direct' multiply defined.

)
\openout1 = `report2.aux'.

LaTeX Font Info:    Checking defaults for OML/cmm/m/it on input line 14.
LaTeX Font Info:    ... okay on input line 14.
LaTeX Font Info:    Checking defaults for T1/cmr/m/n on input line 14.
LaTeX Font Info:    ... okay on input line 14.
LaTeX Font Info:    Checking defaults for OT1/cmr/m/n on input line 14.
LaTeX Font Info:    ... okay on input line 14.
LaTeX Font Info:    Checking defaults for OMS/cmsy/m/n on input line 14.
LaTeX Font Info:    ... okay on input line 14.
LaTeX Font Info:    Checking defaults for OMX/cmex/m/n on input line 14.
LaTeX Font Info:    ... okay on input line 14.
LaTeX Font Info:    Checking defaults for U/cmr/m/n on input line 14.
LaTeX Font Info:    ... okay on input line 14.
 (/usr/share/texlive/texmf-dist/tex/context/base/supp-pdf.mkii
[Loading MPS to PDF converter (version 2006.09.02).]
\scratchcounter=\count100
\scratchdimen=\dimen118
\scratchbox=\box28
\nofMPsegments=\count101
\nofMParguments=\count102
\everyMPshowfont=\toks17
\MPscratchCnt=\count103
\MPscratchDim=\dimen119
\MPnumerator=\count104
\makeMPintoPDFobject=\count105
\everyMPtoPDFconversion=\toks18
) (/usr/share/texlive/texmf-dist/tex/generic/oberdiek/pdftexcmds.sty
Package: pdftexcmds 2011/11/29 v0.20 Utility functions of pdfTeX for LuaTeX (HO
)

(/usr/share/texlive/texmf-dist/tex/generic/oberdiek/ifluatex.sty
Package: ifluatex 2010/03/01 v1.3 Provides the ifluatex switch (HO)
Package ifluatex Info: LuaTeX not detected.
)
Package pdftexcmds Info: LuaTeX not detected.
Package pdftexcmds Info: \pdf@primitive is available.
Package pdftexcmds Info: \pdf@ifprimitive is available.
Package pdftexcmds Info: \pdfdraftmode found.
)
(/usr/share/texlive/texmf-dist/tex/latex/oberdiek/epstopdf-base.sty
Package: epstopdf-base 2010/02/09 v2.5 Base part for package epstopdf

(/usr/share/texlive/texmf-dist/tex/latex/oberdiek/grfext.sty
Package: grfext 2010/08/19 v1.1 Manage graphics extensions (HO)

(/usr/share/texlive/texmf-dist/tex/generic/oberdiek/kvdefinekeys.sty
Package: kvdefinekeys 2011/04/07 v1.3 Define keys (HO)
))
(/usr/share/texlive/texmf-dist/tex/latex/oberdiek/kvoptions.sty
Package: kvoptions 2011/06/30 v3.11 Key value format for package options (HO)

(/usr/share/texlive/texmf-dist/tex/generic/oberdiek/kvsetkeys.sty
Package: kvsetkeys 2012/04/25 v1.16 Key value parser (HO)

(/usr/share/texlive/texmf-dist/tex/generic/oberdiek/etexcmds.sty
Package: etexcmds 2011/02/16 v1.5 Avoid name clashes with e-TeX commands (HO)
Package etexcmds Info: Could not find \expanded.
(etexcmds)             That can mean that you are not using pdfTeX 1.50 or
(etexcmds)             that some package has redefined \expanded.
(etexcmds)             In the latter case, load this package earlier.
)))
Package grfext Info: Graphics extension search list:
(grfext)             [.png,.pdf,.jpg,.mps,.jpeg,.jbig2,.jb2,.PNG,.PDF,.JPG,.JPE
G,.JBIG2,.JB2,.eps]
(grfext)             \AppendGraphicsExtensions on input line 452.

(/usr/share/texlive/texmf-dist/tex/latex/latexconfig/epstopdf-sys.cfg
File: epstopdf-sys.cfg 2010/07/13 v1.3 Configuration of (r)epstopdf for TeX Liv
e
))
ABD: EverySelectfont initializing macros
LaTeX Info: Redefining \selectfont on input line 14.

*geometry* driver: auto-detecting
*geometry* detected driver: pdftex
*geometry* verbose mode - [ preamble ] result:
* driver: pdftex
* paper: <default>
* layout: <same size as paper>
* layoutoffset:(h,v)=(0.0pt,0.0pt)
* modes: 
* h-part:(L,W,R)=(72.26999pt, 469.75502pt, 72.26999pt)
* v-part:(T,H,B)=(72.26999pt, 650.43001pt, 72.26999pt)
* \paperwidth=614.295pt
* \paperheight=794.96999pt
* \textwidth=469.75502pt
* \textheight=650.43001pt
* \oddsidemargin=0.0pt
* \evensidemargin=0.0pt
* \topmargin=-37.0pt
* \headheight=12.0pt
* \headsep=25.0pt
* \topskip=12.0pt
* \footskip=30.0pt
* \marginparwidth=44.0pt
* \marginparsep=10.0pt
* \columnsep=10.0pt
* \skip\footins=10.8pt plus 4.0pt minus 2.0pt
* \hoffset=0.0pt
* \voffset=0.0pt
* \mag=1000
* \@twocolumnfalse
* \@twosidefalse
* \@mparswitchfalse
* \@reversemarginfalse
* (1in=72.27pt=25.4mm, 1cm=28.453pt)

\c@lstlisting=\count106

LaTeX Font Warning: Font shape `OT1/cmr/bx/sc' undefined
(Font)              using `OT1/cmr/bx/n' instead on input line 17.

<logo.png, id=1, 105.996pt x 105.5142pt>
File: logo.png Graphic file (type png)
 <use logo.png>
Package pdftex.def Info: logo.png used on input line 38.
(pdftex.def)             Requested size: 105.99573pt x 105.51395pt.
 [1

{/var/lib/texmf/fonts/map/pdftex/updmap/pdftex.map} <./logo.png>]
Missing character: There is no ‚ in font cmr12!
Missing character: There is no Ä in font cmr12!
Missing character: There is no ú in font cmr12!
Missing character: There is no ‚ in font cmr12!
Missing character: There is no Ä in font cmr12!
Missing character: There is no ù in font cmr12!
Missing character: There is no ‚ in font cmr12!
Missing character: There is no Ä in font cmr12!
Missing character: There is no ô in font cmr12!
Missing character: There is no ‚ in font cmr12!
Missing character: There is no Ä in font cmr12!
Missing character: There is no ô in font cmr12!

Underfull \hbox (badness 10000) in paragraph at lines 49--57

 []


Underfull \hbox (badness 10000) in paragraph at lines 49--57

 []


Underfull \hbox (badness 10000) in paragraph at lines 49--57

 []


Underfull \hbox (badness 10000) in paragraph at lines 49--57

 []


Underfull \hbox (badness 10000) in paragraph at lines 49--57

 []


Underfull \hbox (badness 10000) in paragraph at lines 49--57

 []

[1]
Missing character: There is no ‚ in font cmr12!
Missing character: There is no Ä in font cmr12!
Missing character: There is no ú in font cmr12!
Missing character: There is no ‚ in font cmr12!
Missing character: There is no Ä in font cmr12!
Missing character: There is no ù in font cmr12!

Underfull \hbox (badness 10000) in paragraph at lines 65--68

 []


Underfull \hbox (badness 10000) in paragraph at lines 65--68

 []

Missing character: There is no ‚ in font cmr12!
Missing character: There is no Ä in font cmr12!
Missing character: There is no ì in font cmr12!
LaTeX Font Info:    External font `cmex10' loaded for size
(Font)              <12> on input line 69.
LaTeX Font Info:    External font `cmex10' loaded for size
(Font)              <8> on input line 69.
LaTeX Font Info:    External font `cmex10' loaded for size
(Font)              <6> on input line 69.
[2] [3] [4] (./report2.toc)
\tf@toc=\write3
\openout3 = `report2.toc'.

 [5] <dl.png, id=27, 702.625pt x 602.25pt>
File: dl.png Graphic file (type png)

<use dl.png>
Package pdftex.def Info: dl.png used on input line 131.
(pdftex.def)             Requested size: 142.26378pt x 121.93657pt.
 [1] [2 <./dl.png>]
Underfull \hbox (badness 10000) in paragraph at lines 172--173

 []

<../Graphs2/meanfreq.png, id=37, 462.528pt x 346.896pt>
File: ../Graphs2/meanfreq.png Graphic file (type png)

<use ../Graphs2/meanfreq.png>
Package pdftex.def Info: ../Graphs2/meanfreq.png used on input line 179.
(pdftex.def)             Requested size: 170.71652pt x 128.0372pt.

<../Graphs2/norm_meanfreq.png, id=38, 462.528pt x 346.896pt>
File: ../Graphs2/norm_meanfreq.png Graphic file (type png)

<use ../Graphs2/norm_meanfreq.png>
Package pdftex.def Info: ../Graphs2/norm_meanfreq.png used on input line 180.
(pdftex.def)             Requested size: 170.71652pt x 128.0372pt.

<../Graphs2/sd.png, id=39, 462.528pt x 346.896pt>
File: ../Graphs2/sd.png Graphic file (type png)
 <use ../Graphs2/sd.png>
Package pdftex.def Info: ../Graphs2/sd.png used on input line 183.
(pdftex.def)             Requested size: 170.71652pt x 128.0372pt.

<../Graphs2/norm_sd.png, id=40, 462.528pt x 346.896pt>
File: ../Graphs2/norm_sd.png Graphic file (type png)

<use ../Graphs2/norm_sd.png>
Package pdftex.def Info: ../Graphs2/norm_sd.png used on input line 184.
(pdftex.def)             Requested size: 170.71652pt x 128.0372pt.
 [3 <../Graphs2/meanfreq.png> <../Graphs2/norm_meanfreq.png>] <../Graphs2/media
n.png, id=50, 462.528pt x 346.896pt>
File: ../Graphs2/median.png Graphic file (type png)

<use ../Graphs2/median.png>
Package pdftex.def Info: ../Graphs2/median.png used on input line 187.
(pdftex.def)             Requested size: 170.71652pt x 128.0372pt.

<../Graphs2/norm_median.png, id=51, 462.528pt x 346.896pt>
File: ../Graphs2/norm_median.png Graphic file (type png)

<use ../Graphs2/norm_median.png>
Package pdftex.def Info: ../Graphs2/norm_median.png used on input line 188.
(pdftex.def)             Requested size: 170.71652pt x 128.0372pt.

<../Graphs2/Q25.png, id=52, 462.528pt x 346.896pt>
File: ../Graphs2/Q25.png Graphic file (type png)
 <use ../Graphs2/Q25.png>
Package pdftex.def Info: ../Graphs2/Q25.png used on input line 191.
(pdftex.def)             Requested size: 170.71652pt x 128.0372pt.

<../Graphs2/norm_Q25.png, id=53, 462.528pt x 346.896pt>
File: ../Graphs2/norm_Q25.png Graphic file (type png)

<use ../Graphs2/norm_Q25.png>
Package pdftex.def Info: ../Graphs2/norm_Q25.png used on input line 192.
(pdftex.def)             Requested size: 170.71652pt x 128.0372pt.

<../Graphs2/Q75.png, id=54, 462.528pt x 346.896pt>
File: ../Graphs2/Q75.png Graphic file (type png)
 <use ../Graphs2/Q75.png>
Package pdftex.def Info: ../Graphs2/Q75.png used on input line 195.
(pdftex.def)             Requested size: 170.71652pt x 128.0372pt.

<../Graphs2/norm_Q75.png, id=55, 462.528pt x 346.896pt>
File: ../Graphs2/norm_Q75.png Graphic file (type png)

<use ../Graphs2/norm_Q75.png>
Package pdftex.def Info: ../Graphs2/norm_Q75.png used on input line 196.
(pdftex.def)             Requested size: 170.71652pt x 128.0372pt.

<../Graphs2/IQR.png, id=56, 462.528pt x 346.896pt>
File: ../Graphs2/IQR.png Graphic file (type png)
 <use ../Graphs2/IQR.png>
Package pdftex.def Info: ../Graphs2/IQR.png used on input line 199.
(pdftex.def)             Requested size: 170.71652pt x 128.0372pt.

<../Graphs2/norm_IQR.png, id=57, 462.528pt x 346.896pt>
File: ../Graphs2/norm_IQR.png Graphic file (type png)

<use ../Graphs2/norm_IQR.png>
Package pdftex.def Info: ../Graphs2/norm_IQR.png used on input line 200.
(pdftex.def)             Requested size: 170.71652pt x 128.0372pt.
 [4 <../Graphs2/sd.png> <../Graphs2/norm_sd.png> <../Graphs2/median.png> <../Gr
aphs2/norm_median.png> <../Graphs2/Q25.png> <../Graphs2/norm_Q25.png> <../Graph
s2/Q75.png> <../Graphs2/norm_Q75.png>]
<../Graphs2/skew.png, id=69, 462.528pt x 346.896pt>
File: ../Graphs2/skew.png Graphic file (type png)
 <use ../Graphs2/skew.png>
Package pdftex.def Info: ../Graphs2/skew.png used on input line 203.
(pdftex.def)             Requested size: 170.71652pt x 128.0372pt.

<../Graphs2/norm_skew.png, id=70, 462.528pt x 346.896pt>
File: ../Graphs2/norm_skew.png Graphic file (type png)

<use ../Graphs2/norm_skew.png>
Package pdftex.def Info: ../Graphs2/norm_skew.png used on input line 204.
(pdftex.def)             Requested size: 170.71652pt x 128.0372pt.

<../Graphs2/kurt.png, id=71, 462.528pt x 346.896pt>
File: ../Graphs2/kurt.png Graphic file (type png)
 <use ../Graphs2/kurt.png>
Package pdftex.def Info: ../Graphs2/kurt.png used on input line 207.
(pdftex.def)             Requested size: 170.71652pt x 128.0372pt.

<../Graphs2/norm_kurt.png, id=72, 462.528pt x 346.896pt>
File: ../Graphs2/norm_kurt.png Graphic file (type png)

<use ../Graphs2/norm_kurt.png>
Package pdftex.def Info: ../Graphs2/norm_kurt.png used on input line 208.
(pdftex.def)             Requested size: 170.71652pt x 128.0372pt.

<../Graphs2/sp_ent.png, id=73, 462.528pt x 346.896pt>
File: ../Graphs2/sp_ent.png Graphic file (type png)

<use ../Graphs2/sp_ent.png>
Package pdftex.def Info: ../Graphs2/sp_ent.png used on input line 211.
(pdftex.def)             Requested size: 170.71652pt x 128.0372pt.

<../Graphs2/norm_sp_ent.png, id=74, 462.528pt x 346.896pt>
File: ../Graphs2/norm_sp_ent.png Graphic file (type png)

<use ../Graphs2/norm_sp_ent.png>
Package pdftex.def Info: ../Graphs2/norm_sp_ent.png used on input line 212.
(pdftex.def)             Requested size: 170.71652pt x 128.0372pt.

<../Graphs2/sfm.png, id=75, 462.528pt x 346.896pt>
File: ../Graphs2/sfm.png Graphic file (type png)
 <use ../Graphs2/sfm.png>
Package pdftex.def Info: ../Graphs2/sfm.png used on input line 215.
(pdftex.def)             Requested size: 170.71652pt x 128.0372pt.

<../Graphs2/norm_sfm.png, id=76, 462.528pt x 346.896pt>
File: ../Graphs2/norm_sfm.png Graphic file (type png)

<use ../Graphs2/norm_sfm.png>
Package pdftex.def Info: ../Graphs2/norm_sfm.png used on input line 216.
(pdftex.def)             Requested size: 170.71652pt x 128.0372pt.
 [5 <../Graphs2/IQR.png> <../Graphs2/norm_IQR.png> <../Graphs2/skew.png> <../Gr
aphs2/norm_skew.png> <../Graphs2/kurt.png> <../Graphs2/norm_kurt.png> <../Graph
s2/sp_ent.png> <../Graphs2/norm_sp_ent.png>]
<../Graphs2/mode.png, id=88, 462.528pt x 346.896pt>
File: ../Graphs2/mode.png Graphic file (type png)
 <use ../Graphs2/mode.png>
Package pdftex.def Info: ../Graphs2/mode.png used on input line 219.
(pdftex.def)             Requested size: 170.71652pt x 128.0372pt.

<../Graphs2/norm_mode.png, id=89, 462.528pt x 346.896pt>
File: ../Graphs2/norm_mode.png Graphic file (type png)

<use ../Graphs2/norm_mode.png>
Package pdftex.def Info: ../Graphs2/norm_mode.png used on input line 220.
(pdftex.def)             Requested size: 170.71652pt x 128.0372pt.

<../Graphs2/centroid.png, id=90, 462.528pt x 346.896pt>
File: ../Graphs2/centroid.png Graphic file (type png)

<use ../Graphs2/centroid.png>
Package pdftex.def Info: ../Graphs2/centroid.png used on input line 223.
(pdftex.def)             Requested size: 170.71652pt x 128.0372pt.

<../Graphs2/norm_centroid.png, id=91, 462.528pt x 346.896pt>
File: ../Graphs2/norm_centroid.png Graphic file (type png)

<use ../Graphs2/norm_centroid.png>
Package pdftex.def Info: ../Graphs2/norm_centroid.png used on input line 224.
(pdftex.def)             Requested size: 170.71652pt x 128.0372pt.

<../Graphs2/meanfun.png, id=92, 462.528pt x 346.896pt>
File: ../Graphs2/meanfun.png Graphic file (type png)

<use ../Graphs2/meanfun.png>
Package pdftex.def Info: ../Graphs2/meanfun.png used on input line 227.
(pdftex.def)             Requested size: 170.71652pt x 128.0372pt.

<../Graphs2/norm_meanfun.png, id=93, 462.528pt x 346.896pt>
File: ../Graphs2/norm_meanfun.png Graphic file (type png)

<use ../Graphs2/norm_meanfun.png>
Package pdftex.def Info: ../Graphs2/norm_meanfun.png used on input line 228.
(pdftex.def)             Requested size: 170.71652pt x 128.0372pt.

<../Graphs2/minfun.png, id=94, 462.528pt x 346.896pt>
File: ../Graphs2/minfun.png Graphic file (type png)

<use ../Graphs2/minfun.png>
Package pdftex.def Info: ../Graphs2/minfun.png used on input line 231.
(pdftex.def)             Requested size: 170.71652pt x 128.0372pt.

<../Graphs2/norm_minfun.png, id=95, 462.528pt x 346.896pt>
File: ../Graphs2/norm_minfun.png Graphic file (type png)

<use ../Graphs2/norm_minfun.png>
Package pdftex.def Info: ../Graphs2/norm_minfun.png used on input line 232.
(pdftex.def)             Requested size: 170.71652pt x 128.0372pt.
 [6 <../Graphs2/sfm.png> <../Graphs2/norm_sfm.png> <../Graphs2/mode.png> <../Gr
aphs2/norm_mode.png> <../Graphs2/centroid.png> <../Graphs2/norm_centroid.png> <
../Graphs2/meanfun.png> <../Graphs2/norm_meanfun.png>] <../Graphs2/meandom.png,
 id=107, 462.528pt x 346.896pt>
File: ../Graphs2/meandom.png Graphic file (type png)

<use ../Graphs2/meandom.png>
Package pdftex.def Info: ../Graphs2/meandom.png used on input line 235.
(pdftex.def)             Requested size: 170.71652pt x 128.0372pt.

<../Graphs2/norm_meandom.png, id=108, 462.528pt x 346.896pt>
File: ../Graphs2/norm_meandom.png Graphic file (type png)

<use ../Graphs2/norm_meandom.png>
Package pdftex.def Info: ../Graphs2/norm_meandom.png used on input line 236.
(pdftex.def)             Requested size: 170.71652pt x 128.0372pt.

<../Graphs2/mindom.png, id=109, 462.528pt x 346.896pt>
File: ../Graphs2/mindom.png Graphic file (type png)

<use ../Graphs2/mindom.png>
Package pdftex.def Info: ../Graphs2/mindom.png used on input line 239.
(pdftex.def)             Requested size: 170.71652pt x 128.0372pt.

<../Graphs2/norm_mindom.png, id=110, 462.528pt x 346.896pt>
File: ../Graphs2/norm_mindom.png Graphic file (type png)

<use ../Graphs2/norm_mindom.png>
Package pdftex.def Info: ../Graphs2/norm_mindom.png used on input line 240.
(pdftex.def)             Requested size: 170.71652pt x 128.0372pt.

<../Graphs2/maxdom.png, id=111, 462.528pt x 346.896pt>
File: ../Graphs2/maxdom.png Graphic file (type png)

<use ../Graphs2/maxdom.png>
Package pdftex.def Info: ../Graphs2/maxdom.png used on input line 243.
(pdftex.def)             Requested size: 170.71652pt x 128.0372pt.

<../Graphs2/norm_maxdom.png, id=112, 462.528pt x 346.896pt>
File: ../Graphs2/norm_maxdom.png Graphic file (type png)

<use ../Graphs2/norm_maxdom.png>
Package pdftex.def Info: ../Graphs2/norm_maxdom.png used on input line 244.
(pdftex.def)             Requested size: 170.71652pt x 128.0372pt.

<../Graphs2/dfrange.png, id=113, 462.528pt x 346.896pt>
File: ../Graphs2/dfrange.png Graphic file (type png)

<use ../Graphs2/dfrange.png>
Package pdftex.def Info: ../Graphs2/dfrange.png used on input line 247.
(pdftex.def)             Requested size: 170.71652pt x 128.0372pt.

<../Graphs2/norm_dfrange.png, id=114, 462.528pt x 346.896pt>
File: ../Graphs2/norm_dfrange.png Graphic file (type png)

<use ../Graphs2/norm_dfrange.png>
Package pdftex.def Info: ../Graphs2/norm_dfrange.png used on input line 248.
(pdftex.def)             Requested size: 170.71652pt x 128.0372pt.
 [7 <../Graphs2/minfun.png> <../Graphs2/norm_minfun.png> <../Graphs2/meandom.pn
g> <../Graphs2/norm_meandom.png> <../Graphs2/mindom.png> <../Graphs2/norm_mindo
m.png> <../Graphs2/maxdom.png> <../Graphs2/norm_maxdom.png>] <../Graphs2/modind
x.png, id=127, 462.528pt x 346.896pt>
File: ../Graphs2/modindx.png Graphic file (type png)

<use ../Graphs2/modindx.png>
Package pdftex.def Info: ../Graphs2/modindx.png used on input line 251.
(pdftex.def)             Requested size: 170.71652pt x 128.0372pt.

<../Graphs2/norm_modindx.png, id=128, 462.528pt x 346.896pt>
File: ../Graphs2/norm_modindx.png Graphic file (type png)

<use ../Graphs2/norm_modindx.png>
Package pdftex.def Info: ../Graphs2/norm_modindx.png used on input line 252.
(pdftex.def)             Requested size: 170.71652pt x 128.0372pt.

Underfull \hbox (badness 10000) in paragraph at lines 259--260

 []


Underfull \hbox (badness 10000) in paragraph at lines 259--260

 []


Underfull \hbox (badness 10000) in paragraph at lines 259--260

 []

[8 <../Graphs2/dfrange.png> <../Graphs2/norm_dfrange.png> <../Graphs2/modindx.p
ng> <../Graphs2/norm_modindx.png>]
Underfull \hbox (badness 10000) in paragraph at lines 276--279

 []


Underfull \hbox (badness 10000) in paragraph at lines 276--279

 []


Underfull \hbox (badness 10000) in paragraph at lines 286--289

 []


Underfull \hbox (badness 10000) in paragraph at lines 286--289

 []

LaTeX Font Info:    Try loading font information for OMS+cmr on input line 290.

(/usr/share/texlive/texmf-dist/tex/latex/base/omscmr.fd
File: omscmr.fd 2014/09/29 v2.5h Standard LaTeX font definitions
)
LaTeX Font Info:    Font shape `OMS/cmr/m/n' in size <12> not available
(Font)              Font shape `OMS/cmsy/m/n' tried instead on input line 290.
 [9]
<sgd.png, id=140, 520.94624pt x 411.5375pt>
File: sgd.png Graphic file (type png)
 <use sgd.png>
Package pdftex.def Info: sgd.png used on input line 300.
(pdftex.def)             Requested size: 199.16928pt x 157.34036pt.
 [10 <./sgd.png>]
<dt.png, id=145, 578.16pt x 433.62pt>
File: dt.png Graphic file (type png)
 <use dt.png>
Package pdftex.def Info: dt.png used on input line 306.
(pdftex.def)             Requested size: 199.16928pt x 149.3741pt.
 [11 <./dt.png>]
Missing character: There is no · in font cmr12!
Missing character: There is no µ in font cmr12!
Missing character: There is no ¢ in font cmr12!
Missing character: There is no · in font cmr12!
Missing character: There is no µ in font cmr12!
Missing character: There is no ¢ in font cmr12!
 [12]
Missing character: There is no √ in font cmr12!
Missing character: There is no Ø in font cmr12!

<nb.png, id=154, 462.72874pt x 264.99pt>
File: nb.png Graphic file (type png)
 <use nb.png>
Package pdftex.def Info: nb.png used on input line 347.
(pdftex.def)             Requested size: 199.16928pt x 114.05669pt.
 [13 <./nb.png>] [14]
Underfull \hbox (badness 10000) in paragraph at lines 376--377

 []

[15] (../record.py)
Underfull \hbox (badness 10000) in paragraph at lines 378--379

 []

(../record.py)
Underfull \hbox (badness 10000) in paragraph at lines 380--381

 []

(../record.py
LaTeX Font Info:    Font shape `OMS/cmr/m/n' in size <10> not available
(Font)              Font shape `OMS/cmsy/m/n' tried instead on input line 20.

Overfull \hbox (58.25035pt too wide) in paragraph at lines 22--23
[][][][][][][][][][][][][][][][][][][][][][][][][][][][][][][][][][][][] 
 []

)
Underfull \hbox (badness 10000) in paragraph at lines 382--383

 []

(../record.py [16]
LaTeX Font Info:    External font `cmex10' loaded for size
(Font)              <7> on input line 60.
LaTeX Font Info:    External font `cmex10' loaded for size
(Font)              <5> on input line 60.
)
Underfull \hbox (badness 10000) in paragraph at lines 384--385

 []

(../record.py)
Underfull \hbox (badness 10000) in paragraph at lines 388--389

 []

(../prediction.py [17] [18])
Underfull \hbox (badness 10000) in paragraph at lines 390--392

 []

(../prediction.py) [19]
Missing character: There is no ‚ in font cmr12!
Missing character: There is no Ä in font cmr12!
Missing character: There is no ô in font cmr12!
Missing character: There is no ‚ in font cmr12!
Missing character: There is no Ä in font cmr12!
Missing character: There is no ô in font cmr12!
Missing character: There is no ‚ in font cmr12!
Missing character: There is no Ä in font cmr12!
Missing character: There is no ô in font cmr12!
 [20] (../record.py
Overfull \hbox (58.25035pt too wide) in paragraph at lines 22--23
[][][][][][][][][][][][][][][][][][][][][][][][][][][][][][][][][][][][] 
 []

[21]) [22] (../prediction.py [23] [24]) [25] (../graphs.py) [26]
Overfull \hbox (36.87863pt too wide) in paragraph at lines 430--431
[]\OT1/cmr/m/n/12 Boosting and Ad-aBoost for Ma-chine Learn-ing - http://machin
elearningmastery.com/boosting-
 []

[27] (./report2.aux)

LaTeX Font Warning: Some font shapes were not available, defaults substituted.


LaTeX Warning: There were multiply-defined labels.

 ) 
Here is how much of TeX's memory you used:
 4298 strings out of 494953
 62980 string characters out of 6180977
 176682 words of memory out of 5000000
 7468 multiletter control sequences out of 15000+600000
 10060 words of font info for 35 fonts, out of 8000000 for 9000
 14 hyphenation exceptions out of 8191
 38i,6n,40p,2058b,1498s stack positions out of 5000i,500n,10000p,200000b,80000s
</usr/share/texlive/texmf-dist/fonts/type1/public/amsfonts/cm/cmbx10.pfb></us
r/share/texlive/texmf-dist/fonts/type1/public/amsfonts/cm/cmbx12.pfb></usr/shar
e/texlive/texmf-dist/fonts/type1/public/amsfonts/cm/cmcsc10.pfb></usr/share/tex
live/texmf-dist/fonts/type1/public/amsfonts/cm/cmex10.pfb></usr/share/texlive/t
exmf-dist/fonts/type1/public/amsfonts/cm/cmmi12.pfb></usr/share/texlive/texmf-d
ist/fonts/type1/public/amsfonts/cm/cmmi8.pfb></usr/share/texlive/texmf-dist/fon
ts/type1/public/amsfonts/cm/cmr10.pfb></usr/share/texlive/texmf-dist/fonts/type
1/public/amsfonts/cm/cmr12.pfb></usr/share/texlive/texmf-dist/fonts/type1/publi
c/amsfonts/cm/cmr8.pfb></usr/share/texlive/texmf-dist/fonts/type1/public/amsfon
ts/cm/cmsy10.pfb></usr/share/texlive/texmf-dist/fonts/type1/public/amsfonts/cm/
cmsy8.pfb></usr/share/texlive/texmf-dist/fonts/type1/public/amsfonts/cm/cmti12.
pfb>
Output written on report2.pdf (33 pages, 2245512 bytes).
PDF statistics:
 245 PDF objects out of 1000 (max. 8388607)
 111 compressed objects within 2 object streams
 0 named destinations out of 1000 (max. 500000)
 216 words of extra memory for PDF output out of 10000 (max. 10000000)

